<?xml version="1.0" encoding="UTF-8"?>
<con:soapui-project activeEnvironment="Default" name="test_todo_list" resourceRoot="" soapui-version="5.0.0"
                    xmlns:con="http://eviware.com/soapui/config">
    <con:settings/>
    <con:interface xsi:type="con:RestService" wadlVersion="http://wadl.dev.java.net/2009/02"
                   name="http://localhost:8080/app/a/api" type="rest"
                   xmlns:xsi="http://www.w3.org/2001/XMLSchema-instance">
        <con:settings/>
        <con:definitionCache type="TEXT" rootPart=""/>
        <con:endpoints>
            <con:endpoint>http://localhost:8080</con:endpoint>
        </con:endpoints>
        <con:resource name="TodoResource" path="/todos">
            <con:settings/>
            <con:parameters>
                <con:parameter>
                    <con:name>input</con:name>
                    <con:style>PLAIN</con:style>
                </con:parameter>
            </con:parameters>
            <con:resource name="All" path="all">
                <con:settings/>
                <con:parameters/>
                <con:method name="delete-all-tasks" method="DELETE">
                    <con:settings/>
                    <con:parameters/>
                    <con:representation type="FAULT">
                        <con:mediaType xsi:nil="true"/>
                        <con:status>404</con:status>
                        <con:params/>
                        <con:element>data</con:element>
                    </con:representation>
                    <con:representation type="FAULT">
                        <con:mediaType>text/html;charset=utf-8</con:mediaType>
                        <con:status>403</con:status>
                        <con:params/>
                        <con:element>html</con:element>
                    </con:representation>
                    <con:representation type="RESPONSE">
                        <con:mediaType xsi:nil="true"/>
                        <con:status>200</con:status>
                        <con:params/>
                        <con:element>data</con:element>
                    </con:representation>
                    <con:representation type="RESPONSE">
                        <con:mediaType xsi:nil="true"/>
                        <con:status>200</con:status>
                        <con:params/>
                        <con:element>data</con:element>
                    </con:representation>
                    <con:representation type="RESPONSE">
                        <con:mediaType xsi:nil="true"/>
                        <con:status>200</con:status>
                        <con:params/>
                        <con:element>data</con:element>
                    </con:representation>
                    <con:representation type="RESPONSE">
                        <con:mediaType xsi:nil="true"/>
                        <con:status>200</con:status>
                        <con:params/>
                        <con:element>data</con:element>
                    </con:representation>
                    <con:representation type="RESPONSE">
                        <con:mediaType xsi:nil="true"/>
                        <con:status>200</con:status>
                        <con:params/>
                        <con:element>data</con:element>
                    </con:representation>
                    <con:request name="delete-all-tasks" mediaType="application/json">
                        <con:settings>
                            <con:setting id="com.eviware.soapui.impl.wsdl.WsdlRequest@request-headers">&lt;xml-fragment/></con:setting>
                        </con:settings>
                        <con:endpoint>http://localhost:8080/app/a/api</con:endpoint>
                        <con:request/>
                        <con:originalUri>http://localhost/todos/all</con:originalUri>
                        <con:credentials>
                            <con:username>user1</con:username>
                            <con:password>pass1</con:password>
                            <con:selectedAuthProfile>Basic</con:selectedAuthProfile>
                            <con:addedBasicAuthenticationTypes>Basic</con:addedBasicAuthenticationTypes>
                            <con:authType>Global HTTP Settings</con:authType>
                        </con:credentials>
                        <con:jmsConfig JMSDeliveryMode="PERSISTENT"/>
                        <con:jmsPropertyConfig/>
                        <con:parameters/>
                    </con:request>
                </con:method>
            </con:resource>
            <con:method name="add-a-task" method="POST">
                <con:settings/>
                <con:parameters/>
                <con:representation type="REQUEST">
                    <con:mediaType>application/json</con:mediaType>
                    <con:params/>
                </con:representation>
                <con:representation type="FAULT">
                    <con:mediaType xsi:nil="true"/>
                    <con:status>404</con:status>
                    <con:params/>
                    <con:element>data</con:element>
                </con:representation>
                <con:representation type="FAULT">
                    <con:mediaType>text/html;charset=utf-8</con:mediaType>
                    <con:status>401</con:status>
                    <con:params/>
                    <con:element>html</con:element>
                </con:representation>
                <con:representation type="RESPONSE">
                    <con:mediaType>application/json;charset=UTF-8</con:mediaType>
                    <con:status>201</con:status>
                    <con:params/>
                    <con:element>Response</con:element>
                </con:representation>
                <con:request name="add-foo-task" mediaType="application/json" postQueryString="false">
                    <con:settings>
                        <con:setting id="com.eviware.soapui.impl.wsdl.WsdlRequest@request-headers">&lt;xml-fragment/>
                        </con:setting>
                    </con:settings>
                    <con:endpoint>http://localhost:8080/app/a/api</con:endpoint>
                    <con:request>{"title":"foo","completed":false}</con:request>
                    <con:originalUri>http://localhost/todos</con:originalUri>
                    <con:credentials>
                        <con:username>user1</con:username>
                        <con:password>pass1</con:password>
                        <con:selectedAuthProfile>Basic</con:selectedAuthProfile>
                        <con:addedBasicAuthenticationTypes>Basic</con:addedBasicAuthenticationTypes>
                        <con:authType>Global HTTP Settings</con:authType>
                    </con:credentials>
                    <con:jmsConfig JMSDeliveryMode="PERSISTENT"/>
                    <con:jmsPropertyConfig/>
                    <con:parameters/>
                    <con:parameterOrder>
                        <con:entry/>
                    </con:parameterOrder>
                </con:request>
            </con:method>
        </con:resource>
    </con:interface>
    <con:testSuite name="TestSuite1">
        <con:settings/>
        <con:runType>SEQUENTIAL</con:runType>
        <con:testCase failOnError="true" failTestCaseOnErrors="true" keepSession="false" maxResults="0"
                      name="SmokeTestCase" searchProperties="true">
            <con:settings/>
            <con:testStep type="restrequest" name="delete-all-tasks">
                <con:settings/>
                <con:config service="http://localhost:8080/app/a/api" resourcePath="/todos/all"
                            methodName="delete-all-tasks" xsi:type="con:RestRequestStep"
                            xmlns:xsi="http://www.w3.org/2001/XMLSchema-instance">
                    <con:restRequest name="delete-all-tasks" mediaType="application/json">
                        <con:settings>
                            <con:setting id="com.eviware.soapui.impl.wsdl.WsdlRequest@request-headers">&lt;xml-fragment/></con:setting>
                        </con:settings>
                        <con:endpoint>http://localhost:8080/app/a/api</con:endpoint>
                        <con:request/>
                        <con:originalUri>http://localhost/todos/all</con:originalUri>
                        <con:credentials>
                            <con:username>user1</con:username>
                            <con:password>pass1</con:password>
                            <con:selectedAuthProfile>Basic</con:selectedAuthProfile>
                            <con:addedBasicAuthenticationTypes>Basic</con:addedBasicAuthenticationTypes>
                            <con:authType>Global HTTP Settings</con:authType>
                        </con:credentials>
                        <con:jmsConfig JMSDeliveryMode="PERSISTENT"/>
                        <con:jmsPropertyConfig/>
                        <con:parameters/>
                    </con:restRequest>
                </con:config>
            </con:testStep>
            <con:properties/>
        </con:testCase>
        <con:testCase failOnError="true" failTestCaseOnErrors="true" keepSession="false" maxResults="0" name="AddOne"
                      searchProperties="true" id="c349b9bc-3c8c-4a9b-992c-aded60755941">
            <con:settings/>
            <con:testStep type="restrequest" name="smoke-test">
                <con:settings/>
                <con:config service="http://localhost:8080/app/a/api" resourcePath="/todos/all"
                            methodName="delete-all-tasks" xsi:type="con:RestRequestStep"
                            xmlns:xsi="http://www.w3.org/2001/XMLSchema-instance">
                    <con:restRequest name="smoke-test" mediaType="application/json">
                        <con:settings>
                            <con:setting id="com.eviware.soapui.impl.wsdl.WsdlRequest@request-headers">&lt;xml-fragment/></con:setting>
                        </con:settings>
                        <con:endpoint>http://localhost:8080/app/a/api</con:endpoint>
                        <con:request/>
                        <con:originalUri>http://localhost/todos/all</con:originalUri>
                        <con:assertion type="Valid HTTP Status Codes" name="Valid HTTP Status Codes">
                            <con:configuration>
                                <codes>200</codes>
                            </con:configuration>
                        </con:assertion>
                        <con:credentials>
                            <con:username>user1</con:username>
                            <con:password>pass1</con:password>
                            <con:selectedAuthProfile>Basic</con:selectedAuthProfile>
                            <con:addedBasicAuthenticationTypes>Basic</con:addedBasicAuthenticationTypes>
                            <con:authType>Global HTTP Settings</con:authType>
                        </con:credentials>
                        <con:jmsConfig JMSDeliveryMode="PERSISTENT"/>
                        <con:jmsPropertyConfig/>
                        <con:parameters/>
                    </con:restRequest>
                </con:config>
            </con:testStep>
            <con:testStep type="restrequest" name="add-foo-task">
                <con:settings/>
                <con:config service="http://localhost:8080/app/a/api" resourcePath="/todos" methodName="add-a-task"
                            xsi:type="con:RestRequestStep" xmlns:xsi="http://www.w3.org/2001/XMLSchema-instance">
                    <con:restRequest name="add-foo-task" mediaType="application/json" postQueryString="false">
                        <con:settings>
                            <con:setting id="com.eviware.soapui.impl.wsdl.WsdlRequest@request-headers">&lt;xml-fragment/></con:setting>
                        </con:settings>
                        <con:endpoint>http://localhost:8080/app/a/api</con:endpoint>
                        <con:request>{"title":"foo","completed":false}</con:request>
                        <con:originalUri>http://localhost/todos</con:originalUri>
                        <con:assertion type="Valid HTTP Status Codes" name="Valid HTTP Status Codes">
                            <con:configuration>
                                <codes>201</codes>
                            </con:configuration>
                        </con:assertion>
                        <con:assertion type="Simple Contains" name="Contains">
                            <con:configuration>
                                <token>[{"title":"foo","completed":false}]</token>
                                <ignoreCase>false</ignoreCase>
                                <useRegEx>false</useRegEx>
                            </con:configuration>
                        </con:assertion>
                        <con:credentials>
                            <con:username>user1</con:username>
                            <con:password>pass1</con:password>
                            <con:selectedAuthProfile>Basic</con:selectedAuthProfile>
                            <con:addedBasicAuthenticationTypes>Basic</con:addedBasicAuthenticationTypes>
                            <con:authType>Global HTTP Settings</con:authType>
                        </con:credentials>
                        <con:jmsConfig JMSDeliveryMode="PERSISTENT"/>
                        <con:jmsPropertyConfig/>
                        <con:parameters/>
                        <con:parameterOrder>
                            <con:entry/>
                        </con:parameterOrder>
                    </con:restRequest>
                </con:config>
            </con:testStep>
            <con:loadTest name="LoadTest 1">
                <con:settings>
                    <con:setting id="HttpSettings@close-connections">false</con:setting>
                </con:settings>
                <con:threadCount>1</con:threadCount>
                <con:startDelay>0</con:startDelay>
                <con:sampleInterval>250</con:sampleInterval>
                <con:calculateTPSOnTimePassed>true</con:calculateTPSOnTimePassed>
                <con:resetStatisticsOnThreadCountChange>true</con:resetStatisticsOnThreadCountChange>
                <con:historyLimit>-1</con:historyLimit>
                <con:testLimit>60</con:testLimit>
                <con:limitType>TIME</con:limitType>
                <con:loadStrategy>
                    <con:type>Simple</con:type>
                    <con:config>
                        <testDelay>50</testDelay>
                        <randomFactor>0.5</randomFactor>
                    </con:config>
                </con:loadStrategy>
                <con:assertion type="Step Status" name="Step Status"/>
                <con:maxAssertionErrors>100</con:maxAssertionErrors>
                <con:cancelExcessiveThreads>true</con:cancelExcessiveThreads>
                <con:strategyInterval>500</con:strategyInterval>
            </con:loadTest>
            <con:properties/>
        </con:testCase>
        <con:properties/>
    </con:testSuite>
    <con:properties/>
    <con:wssContainer/>
    <con:oAuth2ProfileContainer/>
</con:soapui-project>